<?xml version="1.0" encoding="UTF-8"?>
<testsuite xmlns:xsi="http://www.w3.org/2001/XMLSchema-instance" xsi:noNamespaceSchemaLocation="https://maven.apache.org/surefire/maven-surefire-plugin/xsd/surefire-test-report.xsd" name="com.rsilva.rest.service.TransferServiceImplTest" time="0.073" tests="8" errors="0" skipped="0" failures="0">
  <properties>
    <property name="gopherProxySet" value="false"/>
    <property name="awt.toolkit" value="sun.lwawt.macosx.LWCToolkit"/>
    <property name="file.encoding.pkg" value="sun.io"/>
    <property name="java.specification.version" value="1.8"/>
    <property name="sun.cpu.isalist" value=""/>
    <property name="sun.jnu.encoding" value="UTF-8"/>
    <property name="java.class.path" value="/Volumes/SSD2/workspace/mystuff/money-transfer/target/test-classes:/Volumes/SSD2/workspace/mystuff/money-transfer/target/classes:/Users/bossanga/.m2/repository/org/glassfish/jersey/containers/jersey-container-jetty-http/2.25/jersey-container-jetty-http-2.25.jar:/Users/bossanga/.m2/repository/org/glassfish/hk2/external/javax.inject/2.5.0-b30/javax.inject-2.5.0-b30.jar:/Users/bossanga/.m2/repository/org/eclipse/jetty/jetty-continuation/9.2.14.v20151106/jetty-continuation-9.2.14.v20151106.jar:/Users/bossanga/.m2/repository/org/glassfish/jersey/core/jersey-common/2.25/jersey-common-2.25.jar:/Users/bossanga/.m2/repository/org/glassfish/jersey/bundles/repackaged/jersey-guava/2.25/jersey-guava-2.25.jar:/Users/bossanga/.m2/repository/org/glassfish/hk2/osgi-resource-locator/1.0.1/osgi-resource-locator-1.0.1.jar:/Users/bossanga/.m2/repository/javax/ws/rs/javax.ws.rs-api/2.0.1/javax.ws.rs-api-2.0.1.jar:/Users/bossanga/.m2/repository/org/eclipse/jetty/jetty-util/9.4.0.v20161208/jetty-util-9.4.0.v20161208.jar:/Users/bossanga/.m2/repository/org/glassfish/jersey/core/jersey-server/2.25/jersey-server-2.25.jar:/Users/bossanga/.m2/repository/org/glassfish/jersey/core/jersey-client/2.25/jersey-client-2.25.jar:/Users/bossanga/.m2/repository/org/glassfish/jersey/media/jersey-media-jaxb/2.25/jersey-media-jaxb-2.25.jar:/Users/bossanga/.m2/repository/javax/annotation/javax.annotation-api/1.2/javax.annotation-api-1.2.jar:/Users/bossanga/.m2/repository/org/glassfish/hk2/hk2-api/2.5.0-b30/hk2-api-2.5.0-b30.jar:/Users/bossanga/.m2/repository/org/glassfish/hk2/hk2-utils/2.5.0-b30/hk2-utils-2.5.0-b30.jar:/Users/bossanga/.m2/repository/org/glassfish/hk2/external/aopalliance-repackaged/2.5.0-b30/aopalliance-repackaged-2.5.0-b30.jar:/Users/bossanga/.m2/repository/org/glassfish/hk2/hk2-locator/2.5.0-b30/hk2-locator-2.5.0-b30.jar:/Users/bossanga/.m2/repository/org/javassist/javassist/3.20.0-GA/javassist-3.20.0-GA.jar:/Users/bossanga/.m2/repository/org/glassfish/jersey/containers/jersey-container-servlet-core/2.25/jersey-container-servlet-core-2.25.jar:/Users/bossanga/.m2/repository/org/glassfish/jersey/media/jersey-media-json-jackson/2.25/jersey-media-json-jackson-2.25.jar:/Users/bossanga/.m2/repository/org/glassfish/jersey/ext/jersey-entity-filtering/2.25/jersey-entity-filtering-2.25.jar:/Users/bossanga/.m2/repository/com/fasterxml/jackson/jaxrs/jackson-jaxrs-base/2.8.4/jackson-jaxrs-base-2.8.4.jar:/Users/bossanga/.m2/repository/com/fasterxml/jackson/jaxrs/jackson-jaxrs-json-provider/2.8.4/jackson-jaxrs-json-provider-2.8.4.jar:/Users/bossanga/.m2/repository/com/fasterxml/jackson/module/jackson-module-jaxb-annotations/2.8.4/jackson-module-jaxb-annotations-2.8.4.jar:/Users/bossanga/.m2/repository/org/glassfish/jersey/ext/jersey-bean-validation/2.25/jersey-bean-validation-2.25.jar:/Users/bossanga/.m2/repository/org/hibernate/hibernate-validator/5.1.3.Final/hibernate-validator-5.1.3.Final.jar:/Users/bossanga/.m2/repository/org/jboss/logging/jboss-logging/3.1.3.GA/jboss-logging-3.1.3.GA.jar:/Users/bossanga/.m2/repository/com/fasterxml/classmate/1.0.0/classmate-1.0.0.jar:/Users/bossanga/.m2/repository/javax/el/javax.el-api/2.2.4/javax.el-api-2.2.4.jar:/Users/bossanga/.m2/repository/org/glassfish/web/javax.el/2.2.4/javax.el-2.2.4.jar:/Users/bossanga/.m2/repository/org/eclipse/jetty/jetty-servlet/9.4.0.v20161208/jetty-servlet-9.4.0.v20161208.jar:/Users/bossanga/.m2/repository/org/eclipse/jetty/jetty-security/9.4.0.v20161208/jetty-security-9.4.0.v20161208.jar:/Users/bossanga/.m2/repository/org/eclipse/jetty/jetty-server/9.4.0.v20161208/jetty-server-9.4.0.v20161208.jar:/Users/bossanga/.m2/repository/org/eclipse/jetty/jetty-http/9.4.0.v20161208/jetty-http-9.4.0.v20161208.jar:/Users/bossanga/.m2/repository/org/eclipse/jetty/jetty-io/9.4.0.v20161208/jetty-io-9.4.0.v20161208.jar:/Users/bossanga/.m2/repository/com/sun/jersey/jersey-json/1.19.4/jersey-json-1.19.4.jar:/Users/bossanga/.m2/repository/org/codehaus/jettison/jettison/1.1/jettison-1.1.jar:/Users/bossanga/.m2/repository/com/sun/xml/bind/jaxb-impl/2.2.3-1/jaxb-impl-2.2.3-1.jar:/Users/bossanga/.m2/repository/javax/xml/bind/jaxb-api/2.2.2/jaxb-api-2.2.2.jar:/Users/bossanga/.m2/repository/javax/xml/stream/stax-api/1.0-2/stax-api-1.0-2.jar:/Users/bossanga/.m2/repository/javax/activation/activation/1.1/activation-1.1.jar:/Users/bossanga/.m2/repository/org/codehaus/jackson/jackson-core-asl/1.9.2/jackson-core-asl-1.9.2.jar:/Users/bossanga/.m2/repository/org/codehaus/jackson/jackson-mapper-asl/1.9.2/jackson-mapper-asl-1.9.2.jar:/Users/bossanga/.m2/repository/org/codehaus/jackson/jackson-jaxrs/1.9.2/jackson-jaxrs-1.9.2.jar:/Users/bossanga/.m2/repository/org/codehaus/jackson/jackson-xc/1.9.2/jackson-xc-1.9.2.jar:/Users/bossanga/.m2/repository/com/sun/jersey/jersey-core/1.19.4/jersey-core-1.19.4.jar:/Users/bossanga/.m2/repository/javax/ws/rs/jsr311-api/1.1.1/jsr311-api-1.1.1.jar:/Users/bossanga/.m2/repository/javax/servlet/javax.servlet-api/3.1.0/javax.servlet-api-3.1.0.jar:/Users/bossanga/.m2/repository/javax/validation/validation-api/2.0.1.Final/validation-api-2.0.1.Final.jar:/Users/bossanga/.m2/repository/com/fasterxml/jackson/core/jackson-core/2.9.9/jackson-core-2.9.9.jar:/Users/bossanga/.m2/repository/com/fasterxml/jackson/core/jackson-databind/2.9.9/jackson-databind-2.9.9.jar:/Users/bossanga/.m2/repository/org/projectlombok/lombok/1.18.4/lombok-1.18.4.jar:/Users/bossanga/.m2/repository/com/fasterxml/jackson/core/jackson-annotations/2.9.9/jackson-annotations-2.9.9.jar:/Users/bossanga/.m2/repository/org/mockito/mockito-junit-jupiter/2.28.2/mockito-junit-jupiter-2.28.2.jar:/Users/bossanga/.m2/repository/org/mockito/mockito-core/2.28.2/mockito-core-2.28.2.jar:/Users/bossanga/.m2/repository/net/bytebuddy/byte-buddy/1.9.10/byte-buddy-1.9.10.jar:/Users/bossanga/.m2/repository/net/bytebuddy/byte-buddy-agent/1.9.10/byte-buddy-agent-1.9.10.jar:/Users/bossanga/.m2/repository/org/objenesis/objenesis/2.6/objenesis-2.6.jar:/Users/bossanga/.m2/repository/org/hamcrest/hamcrest-library/2.1/hamcrest-library-2.1.jar:/Users/bossanga/.m2/repository/org/hamcrest/hamcrest-core/2.1/hamcrest-core-2.1.jar:/Users/bossanga/.m2/repository/org/hamcrest/hamcrest/2.1/hamcrest-2.1.jar:/Users/bossanga/.m2/repository/org/junit/platform/junit-platform-engine/1.4.2/junit-platform-engine-1.4.2.jar:/Users/bossanga/.m2/repository/org/apiguardian/apiguardian-api/1.0.0/apiguardian-api-1.0.0.jar:/Users/bossanga/.m2/repository/org/opentest4j/opentest4j/1.1.1/opentest4j-1.1.1.jar:/Users/bossanga/.m2/repository/org/junit/platform/junit-platform-commons/1.4.2/junit-platform-commons-1.4.2.jar:/Users/bossanga/.m2/repository/org/junit/jupiter/junit-jupiter-api/5.4.2/junit-jupiter-api-5.4.2.jar:/Users/bossanga/.m2/repository/org/junit/jupiter/junit-jupiter-engine/5.4.2/junit-jupiter-engine-5.4.2.jar:/Users/bossanga/.m2/repository/org/glassfish/jersey/test-framework/jersey-test-framework-core/2.25/jersey-test-framework-core-2.25.jar:/Users/bossanga/.m2/repository/junit/junit/4.12/junit-4.12.jar:/Users/bossanga/.m2/repository/org/glassfish/jersey/test-framework/providers/jersey-test-framework-provider-grizzly2/2.25/jersey-test-framework-provider-grizzly2-2.25.jar:/Users/bossanga/.m2/repository/org/glassfish/jersey/containers/jersey-container-grizzly2-http/2.25/jersey-container-grizzly2-http-2.25.jar:/Users/bossanga/.m2/repository/org/glassfish/grizzly/grizzly-http-server/2.3.28/grizzly-http-server-2.3.28.jar:/Users/bossanga/.m2/repository/org/glassfish/grizzly/grizzly-http/2.3.28/grizzly-http-2.3.28.jar:/Users/bossanga/.m2/repository/org/glassfish/grizzly/grizzly-framework/2.3.28/grizzly-framework-2.3.28.jar:/Users/bossanga/.m2/repository/org/glassfish/jersey/containers/jersey-container-grizzly2-servlet/2.25/jersey-container-grizzly2-servlet-2.25.jar:/Users/bossanga/.m2/repository/org/glassfish/jersey/containers/jersey-container-servlet/2.25/jersey-container-servlet-2.25.jar:/Users/bossanga/.m2/repository/org/glassfish/grizzly/grizzly-http-servlet/2.3.28/grizzly-http-servlet-2.3.28.jar:/Users/bossanga/.m2/repository/org/junit/vintage/junit-vintage-engine/5.4.2/junit-vintage-engine-5.4.2.jar:/Users/bossanga/.m2/repository/com/fasterxml/jackson/datatype/jackson-datatype-jsr310/2.9.9/jackson-datatype-jsr310-2.9.9.jar:"/>
    <property name="java.vm.vendor" value="Oracle Corporation"/>
    <property name="sun.arch.data.model" value="64"/>
    <property name="java.vendor.url" value="http://java.oracle.com/"/>
    <property name="user.timezone" value=""/>
    <property name="java.vm.specification.version" value="1.8"/>
    <property name="os.name" value="Mac OS X"/>
    <property name="user.country" value="GB"/>
    <property name="sun.java.launcher" value="SUN_STANDARD"/>
    <property name="sun.boot.library.path" value="/Library/Java/JavaVirtualMachines/jdk1.8.0_92.jdk/Contents/Home/jre/lib"/>
    <property name="sun.java.command" value="/Volumes/SSD2/workspace/mystuff/money-transfer/target/surefire/surefirebooter5976688387491730643.jar /Volumes/SSD2/workspace/mystuff/money-transfer/target/surefire 2019-06-26T00-39-54_360-jvmRun1 surefire7456884169142227520tmp surefire_02207025345592916468tmp"/>
    <property name="http.nonProxyHosts" value="local|*.local|169.254/16|*.169.254/16"/>
    <property name="surefire.test.class.path" value="/Volumes/SSD2/workspace/mystuff/money-transfer/target/test-classes:/Volumes/SSD2/workspace/mystuff/money-transfer/target/classes:/Users/bossanga/.m2/repository/org/glassfish/jersey/containers/jersey-container-jetty-http/2.25/jersey-container-jetty-http-2.25.jar:/Users/bossanga/.m2/repository/org/glassfish/hk2/external/javax.inject/2.5.0-b30/javax.inject-2.5.0-b30.jar:/Users/bossanga/.m2/repository/org/eclipse/jetty/jetty-continuation/9.2.14.v20151106/jetty-continuation-9.2.14.v20151106.jar:/Users/bossanga/.m2/repository/org/glassfish/jersey/core/jersey-common/2.25/jersey-common-2.25.jar:/Users/bossanga/.m2/repository/org/glassfish/jersey/bundles/repackaged/jersey-guava/2.25/jersey-guava-2.25.jar:/Users/bossanga/.m2/repository/org/glassfish/hk2/osgi-resource-locator/1.0.1/osgi-resource-locator-1.0.1.jar:/Users/bossanga/.m2/repository/javax/ws/rs/javax.ws.rs-api/2.0.1/javax.ws.rs-api-2.0.1.jar:/Users/bossanga/.m2/repository/org/eclipse/jetty/jetty-util/9.4.0.v20161208/jetty-util-9.4.0.v20161208.jar:/Users/bossanga/.m2/repository/org/glassfish/jersey/core/jersey-server/2.25/jersey-server-2.25.jar:/Users/bossanga/.m2/repository/org/glassfish/jersey/core/jersey-client/2.25/jersey-client-2.25.jar:/Users/bossanga/.m2/repository/org/glassfish/jersey/media/jersey-media-jaxb/2.25/jersey-media-jaxb-2.25.jar:/Users/bossanga/.m2/repository/javax/annotation/javax.annotation-api/1.2/javax.annotation-api-1.2.jar:/Users/bossanga/.m2/repository/org/glassfish/hk2/hk2-api/2.5.0-b30/hk2-api-2.5.0-b30.jar:/Users/bossanga/.m2/repository/org/glassfish/hk2/hk2-utils/2.5.0-b30/hk2-utils-2.5.0-b30.jar:/Users/bossanga/.m2/repository/org/glassfish/hk2/external/aopalliance-repackaged/2.5.0-b30/aopalliance-repackaged-2.5.0-b30.jar:/Users/bossanga/.m2/repository/org/glassfish/hk2/hk2-locator/2.5.0-b30/hk2-locator-2.5.0-b30.jar:/Users/bossanga/.m2/repository/org/javassist/javassist/3.20.0-GA/javassist-3.20.0-GA.jar:/Users/bossanga/.m2/repository/org/glassfish/jersey/containers/jersey-container-servlet-core/2.25/jersey-container-servlet-core-2.25.jar:/Users/bossanga/.m2/repository/org/glassfish/jersey/media/jersey-media-json-jackson/2.25/jersey-media-json-jackson-2.25.jar:/Users/bossanga/.m2/repository/org/glassfish/jersey/ext/jersey-entity-filtering/2.25/jersey-entity-filtering-2.25.jar:/Users/bossanga/.m2/repository/com/fasterxml/jackson/jaxrs/jackson-jaxrs-base/2.8.4/jackson-jaxrs-base-2.8.4.jar:/Users/bossanga/.m2/repository/com/fasterxml/jackson/jaxrs/jackson-jaxrs-json-provider/2.8.4/jackson-jaxrs-json-provider-2.8.4.jar:/Users/bossanga/.m2/repository/com/fasterxml/jackson/module/jackson-module-jaxb-annotations/2.8.4/jackson-module-jaxb-annotations-2.8.4.jar:/Users/bossanga/.m2/repository/org/glassfish/jersey/ext/jersey-bean-validation/2.25/jersey-bean-validation-2.25.jar:/Users/bossanga/.m2/repository/org/hibernate/hibernate-validator/5.1.3.Final/hibernate-validator-5.1.3.Final.jar:/Users/bossanga/.m2/repository/org/jboss/logging/jboss-logging/3.1.3.GA/jboss-logging-3.1.3.GA.jar:/Users/bossanga/.m2/repository/com/fasterxml/classmate/1.0.0/classmate-1.0.0.jar:/Users/bossanga/.m2/repository/javax/el/javax.el-api/2.2.4/javax.el-api-2.2.4.jar:/Users/bossanga/.m2/repository/org/glassfish/web/javax.el/2.2.4/javax.el-2.2.4.jar:/Users/bossanga/.m2/repository/org/eclipse/jetty/jetty-servlet/9.4.0.v20161208/jetty-servlet-9.4.0.v20161208.jar:/Users/bossanga/.m2/repository/org/eclipse/jetty/jetty-security/9.4.0.v20161208/jetty-security-9.4.0.v20161208.jar:/Users/bossanga/.m2/repository/org/eclipse/jetty/jetty-server/9.4.0.v20161208/jetty-server-9.4.0.v20161208.jar:/Users/bossanga/.m2/repository/org/eclipse/jetty/jetty-http/9.4.0.v20161208/jetty-http-9.4.0.v20161208.jar:/Users/bossanga/.m2/repository/org/eclipse/jetty/jetty-io/9.4.0.v20161208/jetty-io-9.4.0.v20161208.jar:/Users/bossanga/.m2/repository/com/sun/jersey/jersey-json/1.19.4/jersey-json-1.19.4.jar:/Users/bossanga/.m2/repository/org/codehaus/jettison/jettison/1.1/jettison-1.1.jar:/Users/bossanga/.m2/repository/com/sun/xml/bind/jaxb-impl/2.2.3-1/jaxb-impl-2.2.3-1.jar:/Users/bossanga/.m2/repository/javax/xml/bind/jaxb-api/2.2.2/jaxb-api-2.2.2.jar:/Users/bossanga/.m2/repository/javax/xml/stream/stax-api/1.0-2/stax-api-1.0-2.jar:/Users/bossanga/.m2/repository/javax/activation/activation/1.1/activation-1.1.jar:/Users/bossanga/.m2/repository/org/codehaus/jackson/jackson-core-asl/1.9.2/jackson-core-asl-1.9.2.jar:/Users/bossanga/.m2/repository/org/codehaus/jackson/jackson-mapper-asl/1.9.2/jackson-mapper-asl-1.9.2.jar:/Users/bossanga/.m2/repository/org/codehaus/jackson/jackson-jaxrs/1.9.2/jackson-jaxrs-1.9.2.jar:/Users/bossanga/.m2/repository/org/codehaus/jackson/jackson-xc/1.9.2/jackson-xc-1.9.2.jar:/Users/bossanga/.m2/repository/com/sun/jersey/jersey-core/1.19.4/jersey-core-1.19.4.jar:/Users/bossanga/.m2/repository/javax/ws/rs/jsr311-api/1.1.1/jsr311-api-1.1.1.jar:/Users/bossanga/.m2/repository/javax/servlet/javax.servlet-api/3.1.0/javax.servlet-api-3.1.0.jar:/Users/bossanga/.m2/repository/javax/validation/validation-api/2.0.1.Final/validation-api-2.0.1.Final.jar:/Users/bossanga/.m2/repository/com/fasterxml/jackson/core/jackson-core/2.9.9/jackson-core-2.9.9.jar:/Users/bossanga/.m2/repository/com/fasterxml/jackson/core/jackson-databind/2.9.9/jackson-databind-2.9.9.jar:/Users/bossanga/.m2/repository/org/projectlombok/lombok/1.18.4/lombok-1.18.4.jar:/Users/bossanga/.m2/repository/com/fasterxml/jackson/core/jackson-annotations/2.9.9/jackson-annotations-2.9.9.jar:/Users/bossanga/.m2/repository/org/mockito/mockito-junit-jupiter/2.28.2/mockito-junit-jupiter-2.28.2.jar:/Users/bossanga/.m2/repository/org/mockito/mockito-core/2.28.2/mockito-core-2.28.2.jar:/Users/bossanga/.m2/repository/net/bytebuddy/byte-buddy/1.9.10/byte-buddy-1.9.10.jar:/Users/bossanga/.m2/repository/net/bytebuddy/byte-buddy-agent/1.9.10/byte-buddy-agent-1.9.10.jar:/Users/bossanga/.m2/repository/org/objenesis/objenesis/2.6/objenesis-2.6.jar:/Users/bossanga/.m2/repository/org/hamcrest/hamcrest-library/2.1/hamcrest-library-2.1.jar:/Users/bossanga/.m2/repository/org/hamcrest/hamcrest-core/2.1/hamcrest-core-2.1.jar:/Users/bossanga/.m2/repository/org/hamcrest/hamcrest/2.1/hamcrest-2.1.jar:/Users/bossanga/.m2/repository/org/junit/platform/junit-platform-engine/1.4.2/junit-platform-engine-1.4.2.jar:/Users/bossanga/.m2/repository/org/apiguardian/apiguardian-api/1.0.0/apiguardian-api-1.0.0.jar:/Users/bossanga/.m2/repository/org/opentest4j/opentest4j/1.1.1/opentest4j-1.1.1.jar:/Users/bossanga/.m2/repository/org/junit/platform/junit-platform-commons/1.4.2/junit-platform-commons-1.4.2.jar:/Users/bossanga/.m2/repository/org/junit/jupiter/junit-jupiter-api/5.4.2/junit-jupiter-api-5.4.2.jar:/Users/bossanga/.m2/repository/org/junit/jupiter/junit-jupiter-engine/5.4.2/junit-jupiter-engine-5.4.2.jar:/Users/bossanga/.m2/repository/org/glassfish/jersey/test-framework/jersey-test-framework-core/2.25/jersey-test-framework-core-2.25.jar:/Users/bossanga/.m2/repository/junit/junit/4.12/junit-4.12.jar:/Users/bossanga/.m2/repository/org/glassfish/jersey/test-framework/providers/jersey-test-framework-provider-grizzly2/2.25/jersey-test-framework-provider-grizzly2-2.25.jar:/Users/bossanga/.m2/repository/org/glassfish/jersey/containers/jersey-container-grizzly2-http/2.25/jersey-container-grizzly2-http-2.25.jar:/Users/bossanga/.m2/repository/org/glassfish/grizzly/grizzly-http-server/2.3.28/grizzly-http-server-2.3.28.jar:/Users/bossanga/.m2/repository/org/glassfish/grizzly/grizzly-http/2.3.28/grizzly-http-2.3.28.jar:/Users/bossanga/.m2/repository/org/glassfish/grizzly/grizzly-framework/2.3.28/grizzly-framework-2.3.28.jar:/Users/bossanga/.m2/repository/org/glassfish/jersey/containers/jersey-container-grizzly2-servlet/2.25/jersey-container-grizzly2-servlet-2.25.jar:/Users/bossanga/.m2/repository/org/glassfish/jersey/containers/jersey-container-servlet/2.25/jersey-container-servlet-2.25.jar:/Users/bossanga/.m2/repository/org/glassfish/grizzly/grizzly-http-servlet/2.3.28/grizzly-http-servlet-2.3.28.jar:/Users/bossanga/.m2/repository/org/junit/vintage/junit-vintage-engine/5.4.2/junit-vintage-engine-5.4.2.jar:/Users/bossanga/.m2/repository/com/fasterxml/jackson/datatype/jackson-datatype-jsr310/2.9.9/jackson-datatype-jsr310-2.9.9.jar:"/>
    <property name="sun.cpu.endian" value="little"/>
    <property name="user.home" value="/Users/bossanga"/>
    <property name="user.language" value="en"/>
    <property name="java.specification.vendor" value="Oracle Corporation"/>
    <property name="java.home" value="/Library/Java/JavaVirtualMachines/jdk1.8.0_92.jdk/Contents/Home/jre"/>
    <property name="basedir" value="/Volumes/SSD2/workspace/mystuff/money-transfer"/>
    <property name="file.separator" value="/"/>
    <property name="line.separator" value="&#10;"/>
    <property name="java.vm.specification.vendor" value="Oracle Corporation"/>
    <property name="java.specification.name" value="Java Platform API Specification"/>
    <property name="java.awt.graphicsenv" value="sun.awt.CGraphicsEnvironment"/>
    <property name="surefire.real.class.path" value="/Volumes/SSD2/workspace/mystuff/money-transfer/target/surefire/surefirebooter5976688387491730643.jar"/>
    <property name="sun.boot.class.path" value="/Library/Java/JavaVirtualMachines/jdk1.8.0_92.jdk/Contents/Home/jre/lib/resources.jar:/Library/Java/JavaVirtualMachines/jdk1.8.0_92.jdk/Contents/Home/jre/lib/rt.jar:/Library/Java/JavaVirtualMachines/jdk1.8.0_92.jdk/Contents/Home/jre/lib/sunrsasign.jar:/Library/Java/JavaVirtualMachines/jdk1.8.0_92.jdk/Contents/Home/jre/lib/jsse.jar:/Library/Java/JavaVirtualMachines/jdk1.8.0_92.jdk/Contents/Home/jre/lib/jce.jar:/Library/Java/JavaVirtualMachines/jdk1.8.0_92.jdk/Contents/Home/jre/lib/charsets.jar:/Library/Java/JavaVirtualMachines/jdk1.8.0_92.jdk/Contents/Home/jre/lib/jfr.jar:/Library/Java/JavaVirtualMachines/jdk1.8.0_92.jdk/Contents/Home/jre/classes"/>
    <property name="sun.management.compiler" value="HotSpot 64-Bit Tiered Compilers"/>
    <property name="ftp.nonProxyHosts" value="local|*.local|169.254/16|*.169.254/16"/>
    <property name="java.runtime.version" value="1.8.0_92-b14"/>
    <property name="user.name" value="bossanga"/>
    <property name="path.separator" value=":"/>
    <property name="os.version" value="10.12.6"/>
    <property name="java.endorsed.dirs" value="/Library/Java/JavaVirtualMachines/jdk1.8.0_92.jdk/Contents/Home/jre/lib/endorsed"/>
    <property name="java.runtime.name" value="Java(TM) SE Runtime Environment"/>
    <property name="file.encoding" value="UTF-8"/>
    <property name="java.vm.name" value="Java HotSpot(TM) 64-Bit Server VM"/>
    <property name="localRepository" value="/Users/bossanga/.m2/repository"/>
    <property name="java.vendor.url.bug" value="http://bugreport.sun.com/bugreport/"/>
    <property name="java.io.tmpdir" value="/var/folders/4d/qcf6hslx51l290jp6_4fynnm0000gn/T/"/>
    <property name="java.version" value="1.8.0_92"/>
    <property name="user.dir" value="/Volumes/SSD2/workspace/mystuff/money-transfer"/>
    <property name="os.arch" value="x86_64"/>
    <property name="java.vm.specification.name" value="Java Virtual Machine Specification"/>
    <property name="java.awt.printerjob" value="sun.lwawt.macosx.CPrinterJob"/>
    <property name="sun.os.patch.level" value="unknown"/>
    <property name="java.library.path" value="/Users/bossanga/Library/Java/Extensions:/Library/Java/Extensions:/Network/Library/Java/Extensions:/System/Library/Java/Extensions:/usr/lib/java:."/>
    <property name="java.vm.info" value="mixed mode"/>
    <property name="java.vendor" value="Oracle Corporation"/>
    <property name="java.vm.version" value="25.92-b14"/>
    <property name="java.ext.dirs" value="/Users/bossanga/Library/Java/Extensions:/Library/Java/JavaVirtualMachines/jdk1.8.0_92.jdk/Contents/Home/jre/lib/ext:/Library/Java/Extensions:/Network/Library/Java/Extensions:/System/Library/Java/Extensions:/usr/lib/java"/>
    <property name="sun.io.unicode.encoding" value="UnicodeBig"/>
    <property name="java.class.version" value="52.0"/>
    <property name="socksNonProxyHosts" value="local|*.local|169.254/16|*.169.254/16"/>
  </properties>
  <testcase name="testTopUp_ValidationError_Fails" classname="com.rsilva.rest.service.TransferServiceImplTest" time="0.041"/>
  <testcase name="testCreateTransfer_Success" classname="com.rsilva.rest.service.TransferServiceImplTest" time="0.003"/>
  <testcase name="testCreateTransfer_InsufficientFunds_Fails" classname="com.rsilva.rest.service.TransferServiceImplTest" time="0.012"/>
  <testcase name="testGetTransfers_Success" classname="com.rsilva.rest.service.TransferServiceImplTest" time="0.002"/>
  <testcase name="testCreateTransfer_InvalidOriginAccount_Fails" classname="com.rsilva.rest.service.TransferServiceImplTest" time="0.004"/>
  <testcase name="testCreateTransfer_InvalidRecipientAccount_Fails" classname="com.rsilva.rest.service.TransferServiceImplTest" time="0.002"/>
  <testcase name="testTopUp_Success" classname="com.rsilva.rest.service.TransferServiceImplTest" time="0.002"/>
  <testcase name="testCreateTransfer_OriginRecipientAccountsTheSame_Fails" classname="com.rsilva.rest.service.TransferServiceImplTest" time="0.002"/>
</testsuite>